2014-05-29 16:10:35.137 [AWT-EventQueue-0] INFO  org.apache.mina.filter.logging.LoggingFilter - CREATED
2014-05-29 16:10:35.141 [AWT-EventQueue-0] INFO  org.apache.mina.filter.logging.LoggingFilter - OPENED
2014-05-29 16:10:35.149 [Thread-6] INFO  org.apache.mina.filter.logging.LoggingFilter - SENT: HeapBuffer[pos=0 lim=0 cap=0: empty]
2014-05-29 16:10:36.141 [Thread-6] INFO  org.apache.mina.filter.logging.LoggingFilter - SENT: HeapBuffer[pos=0 lim=0 cap=0: empty]
2014-05-29 16:10:37.142 [Thread-6] INFO  org.apache.mina.filter.logging.LoggingFilter - SENT: HeapBuffer[pos=0 lim=0 cap=0: empty]
2014-05-29 16:10:38.141 [Thread-6] INFO  org.apache.mina.filter.logging.LoggingFilter - SENT: HeapBuffer[pos=0 lim=0 cap=0: empty]
2014-05-29 16:10:39.141 [Thread-6] INFO  org.apache.mina.filter.logging.LoggingFilter - SENT: HeapBuffer[pos=0 lim=0 cap=0: empty]
2014-05-29 16:10:40.141 [Thread-6] INFO  org.apache.mina.filter.logging.LoggingFilter - SENT: HeapBuffer[pos=0 lim=0 cap=0: empty]
2014-05-29 16:10:41.141 [Thread-6] INFO  org.apache.mina.filter.logging.LoggingFilter - SENT: HeapBuffer[pos=0 lim=0 cap=0: empty]
2014-05-29 16:10:42.141 [Thread-6] INFO  org.apache.mina.filter.logging.LoggingFilter - SENT: HeapBuffer[pos=0 lim=0 cap=0: empty]
2014-05-29 16:10:43.141 [Thread-6] INFO  org.apache.mina.filter.logging.LoggingFilter - SENT: HeapBuffer[pos=0 lim=0 cap=0: empty]
2014-05-29 16:10:44.141 [Thread-6] INFO  org.apache.mina.filter.logging.LoggingFilter - SENT: HeapBuffer[pos=0 lim=0 cap=0: empty]
2014-05-29 16:10:45.141 [Thread-6] INFO  org.apache.mina.filter.logging.LoggingFilter - SENT: HeapBuffer[pos=0 lim=0 cap=0: empty]
2014-05-29 16:10:46.141 [Thread-6] INFO  org.apache.mina.filter.logging.LoggingFilter - SENT: HeapBuffer[pos=0 lim=0 cap=0: empty]
2014-05-29 16:10:47.143 [Thread-6] INFO  org.apache.mina.filter.logging.LoggingFilter - SENT: HeapBuffer[pos=0 lim=0 cap=0: empty]
2014-05-29 16:10:48.141 [Thread-6] INFO  org.apache.mina.filter.logging.LoggingFilter - SENT: HeapBuffer[pos=0 lim=0 cap=0: empty]
2014-05-29 16:10:49.141 [Thread-6] INFO  org.apache.mina.filter.logging.LoggingFilter - SENT: HeapBuffer[pos=0 lim=0 cap=0: empty]
2014-05-29 16:10:50.141 [Thread-6] INFO  org.apache.mina.filter.logging.LoggingFilter - SENT: HeapBuffer[pos=0 lim=0 cap=0: empty]
2014-05-29 16:10:51.141 [Thread-6] INFO  org.apache.mina.filter.logging.LoggingFilter - SENT: HeapBuffer[pos=0 lim=0 cap=0: empty]
2014-05-29 16:10:52.141 [Thread-6] INFO  org.apache.mina.filter.logging.LoggingFilter - SENT: HeapBuffer[pos=0 lim=0 cap=0: empty]
2014-05-29 16:10:53.141 [Thread-6] INFO  org.apache.mina.filter.logging.LoggingFilter - SENT: HeapBuffer[pos=0 lim=0 cap=0: empty]
2014-05-29 16:10:54.142 [Thread-6] INFO  org.apache.mina.filter.logging.LoggingFilter - SENT: HeapBuffer[pos=0 lim=0 cap=0: empty]
2014-05-29 16:10:55.141 [Thread-6] INFO  org.apache.mina.filter.logging.LoggingFilter - SENT: HeapBuffer[pos=0 lim=0 cap=0: empty]
2014-05-29 16:10:56.141 [Thread-6] INFO  org.apache.mina.filter.logging.LoggingFilter - SENT: HeapBuffer[pos=0 lim=0 cap=0: empty]
2014-05-29 16:10:56.724 [Thread-5] INFO  org.apache.mina.filter.logging.LoggingFilter - RECEIVED: HeapBuffer[pos=0 lim=6 cap=6: 00 FF FF FF 00 56]
2014-05-29 16:10:56.735 [Thread-5] WARN  org.apache.mina.core.service.IoHandlerAdapter - EXCEPTION, please implement net.liuxuan.device.OX2SDU.handler.OX2SDUHandler.exceptionCaught() for proper handling:
org.apache.mina.filter.codec.ProtocolDecoderException: java.lang.NullPointerException (Hexdump: 00 FF FF FF 00 56)
	at org.apache.mina.filter.codec.ProtocolCodecFilter.messageReceived(ProtocolCodecFilter.java:242) ~[mina-core-2.0.7.jar:na]
	at org.apache.mina.core.filterchain.DefaultIoFilterChain.callNextMessageReceived(DefaultIoFilterChain.java:417) [mina-core-2.0.7.jar:na]
	at org.apache.mina.core.filterchain.DefaultIoFilterChain.access$1200(DefaultIoFilterChain.java:47) [mina-core-2.0.7.jar:na]
	at org.apache.mina.core.filterchain.DefaultIoFilterChain$EntryImpl$1.messageReceived(DefaultIoFilterChain.java:765) [mina-core-2.0.7.jar:na]
	at org.apache.mina.filter.logging.LoggingFilter.messageReceived(LoggingFilter.java:208) [mina-core-2.0.7.jar:na]
	at org.apache.mina.core.filterchain.DefaultIoFilterChain.callNextMessageReceived(DefaultIoFilterChain.java:417) [mina-core-2.0.7.jar:na]
	at org.apache.mina.core.filterchain.DefaultIoFilterChain.access$1200(DefaultIoFilterChain.java:47) [mina-core-2.0.7.jar:na]
	at org.apache.mina.core.filterchain.DefaultIoFilterChain$EntryImpl$1.messageReceived(DefaultIoFilterChain.java:765) [mina-core-2.0.7.jar:na]
	at org.apache.mina.core.filterchain.IoFilterAdapter.messageReceived(IoFilterAdapter.java:109) [mina-core-2.0.7.jar:na]
	at org.apache.mina.core.filterchain.DefaultIoFilterChain.callNextMessageReceived(DefaultIoFilterChain.java:417) [mina-core-2.0.7.jar:na]
	at org.apache.mina.core.filterchain.DefaultIoFilterChain.fireMessageReceived(DefaultIoFilterChain.java:410) [mina-core-2.0.7.jar:na]
	at org.apache.mina.transport.serial.SerialSessionImpl$ReadWorker.run(SerialSessionImpl.java:232) [mina-transport-serial-2.0.7.jar:na]
Caused by: java.lang.NullPointerException: null
	at net.liuxuan.device.rs232.BasePacketDecoder.decodable(BasePacketDecoder.java:41) ~[classes/:na]
	at org.apache.mina.filter.codec.demux.DemuxingProtocolDecoder.doDecode(DemuxingProtocolDecoder.java:141) ~[mina-core-2.0.7.jar:na]
	at org.apache.mina.filter.codec.CumulativeProtocolDecoder.decode(CumulativeProtocolDecoder.java:176) ~[mina-core-2.0.7.jar:na]
	at org.apache.mina.filter.codec.ProtocolCodecFilter.messageReceived(ProtocolCodecFilter.java:232) ~[mina-core-2.0.7.jar:na]
	... 11 common frames omitted
2014-05-29 16:10:57.141 [Thread-6] INFO  org.apache.mina.filter.logging.LoggingFilter - SENT: HeapBuffer[pos=0 lim=0 cap=0: empty]
2014-05-29 16:10:57.299 [Thread-5] INFO  org.apache.mina.filter.logging.LoggingFilter - RECEIVED: HeapBuffer[pos=0 lim=6 cap=6: 00 FF FF FF 00 56]
2014-05-29 16:10:57.300 [Thread-5] WARN  org.apache.mina.core.service.IoHandlerAdapter - EXCEPTION, please implement net.liuxuan.device.OX2SDU.handler.OX2SDUHandler.exceptionCaught() for proper handling:
org.apache.mina.filter.codec.ProtocolDecoderException: java.lang.NullPointerException (Hexdump: 00 FF FF FF 00 56)
	at org.apache.mina.filter.codec.ProtocolCodecFilter.messageReceived(ProtocolCodecFilter.java:242) ~[mina-core-2.0.7.jar:na]
	at org.apache.mina.core.filterchain.DefaultIoFilterChain.callNextMessageReceived(DefaultIoFilterChain.java:417) [mina-core-2.0.7.jar:na]
	at org.apache.mina.core.filterchain.DefaultIoFilterChain.access$1200(DefaultIoFilterChain.java:47) [mina-core-2.0.7.jar:na]
	at org.apache.mina.core.filterchain.DefaultIoFilterChain$EntryImpl$1.messageReceived(DefaultIoFilterChain.java:765) [mina-core-2.0.7.jar:na]
	at org.apache.mina.filter.logging.LoggingFilter.messageReceived(LoggingFilter.java:208) [mina-core-2.0.7.jar:na]
	at org.apache.mina.core.filterchain.DefaultIoFilterChain.callNextMessageReceived(DefaultIoFilterChain.java:417) [mina-core-2.0.7.jar:na]
	at org.apache.mina.core.filterchain.DefaultIoFilterChain.access$1200(DefaultIoFilterChain.java:47) [mina-core-2.0.7.jar:na]
	at org.apache.mina.core.filterchain.DefaultIoFilterChain$EntryImpl$1.messageReceived(DefaultIoFilterChain.java:765) [mina-core-2.0.7.jar:na]
	at org.apache.mina.core.filterchain.IoFilterAdapter.messageReceived(IoFilterAdapter.java:109) [mina-core-2.0.7.jar:na]
	at org.apache.mina.core.filterchain.DefaultIoFilterChain.callNextMessageReceived(DefaultIoFilterChain.java:417) [mina-core-2.0.7.jar:na]
	at org.apache.mina.core.filterchain.DefaultIoFilterChain.fireMessageReceived(DefaultIoFilterChain.java:410) [mina-core-2.0.7.jar:na]
	at org.apache.mina.transport.serial.SerialSessionImpl$ReadWorker.run(SerialSessionImpl.java:232) [mina-transport-serial-2.0.7.jar:na]
Caused by: java.lang.NullPointerException: null
	at net.liuxuan.device.rs232.BasePacketDecoder.decodable(BasePacketDecoder.java:41) ~[classes/:na]
	at org.apache.mina.filter.codec.demux.DemuxingProtocolDecoder.doDecode(DemuxingProtocolDecoder.java:141) ~[mina-core-2.0.7.jar:na]
	at org.apache.mina.filter.codec.CumulativeProtocolDecoder.decode(CumulativeProtocolDecoder.java:176) ~[mina-core-2.0.7.jar:na]
	at org.apache.mina.filter.codec.ProtocolCodecFilter.messageReceived(ProtocolCodecFilter.java:232) ~[mina-core-2.0.7.jar:na]
	... 11 common frames omitted
2014-05-29 16:10:57.523 [Thread-5] INFO  org.apache.mina.filter.logging.LoggingFilter - RECEIVED: HeapBuffer[pos=0 lim=6 cap=6: 00 FF FF FF 00 56]
2014-05-29 16:10:57.524 [Thread-5] WARN  org.apache.mina.core.service.IoHandlerAdapter - EXCEPTION, please implement net.liuxuan.device.OX2SDU.handler.OX2SDUHandler.exceptionCaught() for proper handling:
org.apache.mina.filter.codec.ProtocolDecoderException: java.lang.NullPointerException (Hexdump: 00 FF FF FF 00 56)
	at org.apache.mina.filter.codec.ProtocolCodecFilter.messageReceived(ProtocolCodecFilter.java:242) ~[mina-core-2.0.7.jar:na]
	at org.apache.mina.core.filterchain.DefaultIoFilterChain.callNextMessageReceived(DefaultIoFilterChain.java:417) [mina-core-2.0.7.jar:na]
	at org.apache.mina.core.filterchain.DefaultIoFilterChain.access$1200(DefaultIoFilterChain.java:47) [mina-core-2.0.7.jar:na]
	at org.apache.mina.core.filterchain.DefaultIoFilterChain$EntryImpl$1.messageReceived(DefaultIoFilterChain.java:765) [mina-core-2.0.7.jar:na]
	at org.apache.mina.filter.logging.LoggingFilter.messageReceived(LoggingFilter.java:208) [mina-core-2.0.7.jar:na]
	at org.apache.mina.core.filterchain.DefaultIoFilterChain.callNextMessageReceived(DefaultIoFilterChain.java:417) [mina-core-2.0.7.jar:na]
	at org.apache.mina.core.filterchain.DefaultIoFilterChain.access$1200(DefaultIoFilterChain.java:47) [mina-core-2.0.7.jar:na]
	at org.apache.mina.core.filterchain.DefaultIoFilterChain$EntryImpl$1.messageReceived(DefaultIoFilterChain.java:765) [mina-core-2.0.7.jar:na]
	at org.apache.mina.core.filterchain.IoFilterAdapter.messageReceived(IoFilterAdapter.java:109) [mina-core-2.0.7.jar:na]
	at org.apache.mina.core.filterchain.DefaultIoFilterChain.callNextMessageReceived(DefaultIoFilterChain.java:417) [mina-core-2.0.7.jar:na]
	at org.apache.mina.core.filterchain.DefaultIoFilterChain.fireMessageReceived(DefaultIoFilterChain.java:410) [mina-core-2.0.7.jar:na]
	at org.apache.mina.transport.serial.SerialSessionImpl$ReadWorker.run(SerialSessionImpl.java:232) [mina-transport-serial-2.0.7.jar:na]
Caused by: java.lang.NullPointerException: null
	at net.liuxuan.device.rs232.BasePacketDecoder.decodable(BasePacketDecoder.java:41) ~[classes/:na]
	at org.apache.mina.filter.codec.demux.DemuxingProtocolDecoder.doDecode(DemuxingProtocolDecoder.java:141) ~[mina-core-2.0.7.jar:na]
	at org.apache.mina.filter.codec.CumulativeProtocolDecoder.decode(CumulativeProtocolDecoder.java:176) ~[mina-core-2.0.7.jar:na]
	at org.apache.mina.filter.codec.ProtocolCodecFilter.messageReceived(ProtocolCodecFilter.java:232) ~[mina-core-2.0.7.jar:na]
	... 11 common frames omitted
2014-05-29 16:10:58.141 [Thread-6] INFO  org.apache.mina.filter.logging.LoggingFilter - SENT: HeapBuffer[pos=0 lim=0 cap=0: empty]
2014-05-29 16:10:59.141 [Thread-6] INFO  org.apache.mina.filter.logging.LoggingFilter - SENT: HeapBuffer[pos=0 lim=0 cap=0: empty]
2014-05-29 16:11:00.141 [Thread-6] INFO  org.apache.mina.filter.logging.LoggingFilter - SENT: HeapBuffer[pos=0 lim=0 cap=0: empty]
2014-05-29 16:11:01.142 [Thread-6] INFO  org.apache.mina.filter.logging.LoggingFilter - SENT: HeapBuffer[pos=0 lim=0 cap=0: empty]
2014-05-29 16:11:02.141 [Thread-6] INFO  org.apache.mina.filter.logging.LoggingFilter - SENT: HeapBuffer[pos=0 lim=0 cap=0: empty]
2014-05-29 16:11:03.141 [Thread-6] INFO  org.apache.mina.filter.logging.LoggingFilter - SENT: HeapBuffer[pos=0 lim=0 cap=0: empty]
2014-05-29 16:11:04.141 [Thread-6] INFO  org.apache.mina.filter.logging.LoggingFilter - SENT: HeapBuffer[pos=0 lim=0 cap=0: empty]
2014-05-29 16:11:05.141 [Thread-6] INFO  org.apache.mina.filter.logging.LoggingFilter - SENT: HeapBuffer[pos=0 lim=0 cap=0: empty]
2014-05-29 16:11:06.141 [Thread-6] INFO  org.apache.mina.filter.logging.LoggingFilter - SENT: HeapBuffer[pos=0 lim=0 cap=0: empty]
2014-05-29 16:11:07.141 [Thread-6] INFO  org.apache.mina.filter.logging.LoggingFilter - SENT: HeapBuffer[pos=0 lim=0 cap=0: empty]
2014-05-29 16:11:08.141 [Thread-6] INFO  org.apache.mina.filter.logging.LoggingFilter - SENT: HeapBuffer[pos=0 lim=0 cap=0: empty]
2014-05-29 16:11:09.141 [Thread-6] INFO  org.apache.mina.filter.logging.LoggingFilter - SENT: HeapBuffer[pos=0 lim=0 cap=0: empty]
2014-05-29 16:11:10.141 [Thread-6] INFO  org.apache.mina.filter.logging.LoggingFilter - SENT: HeapBuffer[pos=0 lim=0 cap=0: empty]
2014-05-29 16:11:11.141 [Thread-6] INFO  org.apache.mina.filter.logging.LoggingFilter - SENT: HeapBuffer[pos=0 lim=0 cap=0: empty]
2014-05-29 16:11:12.142 [Thread-6] INFO  org.apache.mina.filter.logging.LoggingFilter - SENT: HeapBuffer[pos=0 lim=0 cap=0: empty]
2014-05-29 16:11:13.141 [Thread-6] INFO  org.apache.mina.filter.logging.LoggingFilter - SENT: HeapBuffer[pos=0 lim=0 cap=0: empty]
2014-05-29 16:11:14.141 [Thread-6] INFO  org.apache.mina.filter.logging.LoggingFilter - SENT: HeapBuffer[pos=0 lim=0 cap=0: empty]
2014-05-29 16:11:15.142 [Thread-6] INFO  org.apache.mina.filter.logging.LoggingFilter - SENT: HeapBuffer[pos=0 lim=0 cap=0: empty]
2014-05-29 16:11:16.167 [Thread-6] INFO  org.apache.mina.filter.logging.LoggingFilter - SENT: HeapBuffer[pos=0 lim=0 cap=0: empty]
2014-05-29 16:11:17.141 [Thread-6] INFO  org.apache.mina.filter.logging.LoggingFilter - SENT: HeapBuffer[pos=0 lim=0 cap=0: empty]
2014-05-29 16:11:18.141 [Thread-6] INFO  org.apache.mina.filter.logging.LoggingFilter - SENT: HeapBuffer[pos=0 lim=0 cap=0: empty]
2014-05-29 16:11:19.141 [Thread-6] INFO  org.apache.mina.filter.logging.LoggingFilter - SENT: HeapBuffer[pos=0 lim=0 cap=0: empty]
2014-05-29 16:11:20.141 [Thread-6] INFO  org.apache.mina.filter.logging.LoggingFilter - SENT: HeapBuffer[pos=0 lim=0 cap=0: empty]
2014-05-29 16:11:21.141 [Thread-6] INFO  org.apache.mina.filter.logging.LoggingFilter - SENT: HeapBuffer[pos=0 lim=0 cap=0: empty]
2014-05-29 16:11:22.141 [Thread-6] INFO  org.apache.mina.filter.logging.LoggingFilter - SENT: HeapBuffer[pos=0 lim=0 cap=0: empty]
2014-05-29 16:11:23.141 [Thread-6] INFO  org.apache.mina.filter.logging.LoggingFilter - SENT: HeapBuffer[pos=0 lim=0 cap=0: empty]
2014-05-29 16:11:24.141 [Thread-6] INFO  org.apache.mina.filter.logging.LoggingFilter - SENT: HeapBuffer[pos=0 lim=0 cap=0: empty]
2014-05-29 16:11:25.142 [Thread-6] INFO  org.apache.mina.filter.logging.LoggingFilter - SENT: HeapBuffer[pos=0 lim=0 cap=0: empty]
2014-05-29 16:11:26.141 [Thread-6] INFO  org.apache.mina.filter.logging.LoggingFilter - SENT: HeapBuffer[pos=0 lim=0 cap=0: empty]
2014-05-29 16:11:27.141 [Thread-6] INFO  org.apache.mina.filter.logging.LoggingFilter - SENT: HeapBuffer[pos=0 lim=0 cap=0: empty]
2014-05-29 16:11:28.145 [Thread-6] INFO  org.apache.mina.filter.logging.LoggingFilter - SENT: HeapBuffer[pos=0 lim=0 cap=0: empty]
2014-05-29 16:11:29.142 [Thread-6] INFO  org.apache.mina.filter.logging.LoggingFilter - SENT: HeapBuffer[pos=0 lim=0 cap=0: empty]
2014-05-29 16:11:30.146 [Thread-6] INFO  org.apache.mina.filter.logging.LoggingFilter - SENT: HeapBuffer[pos=0 lim=0 cap=0: empty]
2014-05-29 16:11:31.141 [Thread-6] INFO  org.apache.mina.filter.logging.LoggingFilter - SENT: HeapBuffer[pos=0 lim=0 cap=0: empty]
2014-05-29 16:11:32.141 [Thread-6] INFO  org.apache.mina.filter.logging.LoggingFilter - SENT: HeapBuffer[pos=0 lim=0 cap=0: empty]
2014-05-29 16:11:33.141 [Thread-6] INFO  org.apache.mina.filter.logging.LoggingFilter - SENT: HeapBuffer[pos=0 lim=0 cap=0: empty]
2014-05-29 16:11:34.141 [Thread-6] INFO  org.apache.mina.filter.logging.LoggingFilter - SENT: HeapBuffer[pos=0 lim=0 cap=0: empty]
2014-05-29 16:11:35.141 [Thread-6] INFO  org.apache.mina.filter.logging.LoggingFilter - SENT: HeapBuffer[pos=0 lim=0 cap=0: empty]
2014-05-29 16:11:36.141 [Thread-6] INFO  org.apache.mina.filter.logging.LoggingFilter - SENT: HeapBuffer[pos=0 lim=0 cap=0: empty]
2014-05-29 16:11:37.141 [Thread-6] INFO  org.apache.mina.filter.logging.LoggingFilter - SENT: HeapBuffer[pos=0 lim=0 cap=0: empty]
2014-05-29 16:11:38.141 [Thread-6] INFO  org.apache.mina.filter.logging.LoggingFilter - SENT: HeapBuffer[pos=0 lim=0 cap=0: empty]
2014-05-29 16:11:39.141 [Thread-6] INFO  org.apache.mina.filter.logging.LoggingFilter - SENT: HeapBuffer[pos=0 lim=0 cap=0: empty]
2014-05-29 16:11:40.141 [Thread-6] INFO  org.apache.mina.filter.logging.LoggingFilter - SENT: HeapBuffer[pos=0 lim=0 cap=0: empty]
2014-05-29 16:11:41.141 [Thread-6] INFO  org.apache.mina.filter.logging.LoggingFilter - SENT: HeapBuffer[pos=0 lim=0 cap=0: empty]
2014-05-29 16:11:42.141 [Thread-6] INFO  org.apache.mina.filter.logging.LoggingFilter - SENT: HeapBuffer[pos=0 lim=0 cap=0: empty]
2014-05-29 16:11:43.141 [Thread-6] INFO  org.apache.mina.filter.logging.LoggingFilter - SENT: HeapBuffer[pos=0 lim=0 cap=0: empty]
2014-05-29 16:11:44.141 [Thread-6] INFO  org.apache.mina.filter.logging.LoggingFilter - SENT: HeapBuffer[pos=0 lim=0 cap=0: empty]
2014-05-29 16:11:45.141 [Thread-6] INFO  org.apache.mina.filter.logging.LoggingFilter - SENT: HeapBuffer[pos=0 lim=0 cap=0: empty]
2014-05-29 16:11:46.141 [Thread-6] INFO  org.apache.mina.filter.logging.LoggingFilter - SENT: HeapBuffer[pos=0 lim=0 cap=0: empty]
2014-05-29 16:11:47.155 [Thread-6] INFO  org.apache.mina.filter.logging.LoggingFilter - SENT: HeapBuffer[pos=0 lim=0 cap=0: empty]
2014-05-29 16:11:48.141 [Thread-6] INFO  org.apache.mina.filter.logging.LoggingFilter - SENT: HeapBuffer[pos=0 lim=0 cap=0: empty]
2014-05-29 16:11:49.141 [Thread-6] INFO  org.apache.mina.filter.logging.LoggingFilter - SENT: HeapBuffer[pos=0 lim=0 cap=0: empty]
2014-05-29 16:11:50.141 [Thread-6] INFO  org.apache.mina.filter.logging.LoggingFilter - SENT: HeapBuffer[pos=0 lim=0 cap=0: empty]
2014-05-29 16:11:51.141 [Thread-6] INFO  org.apache.mina.filter.logging.LoggingFilter - SENT: HeapBuffer[pos=0 lim=0 cap=0: empty]
2014-05-29 16:11:52.141 [Thread-6] INFO  org.apache.mina.filter.logging.LoggingFilter - SENT: HeapBuffer[pos=0 lim=0 cap=0: empty]
2014-05-29 16:11:53.141 [Thread-6] INFO  org.apache.mina.filter.logging.LoggingFilter - SENT: HeapBuffer[pos=0 lim=0 cap=0: empty]
2014-05-29 16:11:54.141 [Thread-6] INFO  org.apache.mina.filter.logging.LoggingFilter - SENT: HeapBuffer[pos=0 lim=0 cap=0: empty]
2014-05-29 16:11:55.142 [Thread-6] INFO  org.apache.mina.filter.logging.LoggingFilter - SENT: HeapBuffer[pos=0 lim=0 cap=0: empty]
2014-05-29 16:11:56.141 [Thread-6] INFO  org.apache.mina.filter.logging.LoggingFilter - SENT: HeapBuffer[pos=0 lim=0 cap=0: empty]
2014-05-29 16:13:49.322 [AWT-EventQueue-0] INFO  org.apache.mina.filter.logging.LoggingFilter - CREATED
2014-05-29 16:13:49.327 [AWT-EventQueue-0] INFO  org.apache.mina.filter.logging.LoggingFilter - OPENED
2014-05-29 16:13:49.340 [Thread-6] INFO  org.apache.mina.filter.logging.LoggingFilter - SENT: HeapBuffer[pos=0 lim=0 cap=0: empty]
2014-05-29 16:13:50.327 [Thread-6] INFO  org.apache.mina.filter.logging.LoggingFilter - SENT: HeapBuffer[pos=0 lim=0 cap=0: empty]
2014-05-29 16:13:51.327 [Thread-6] INFO  org.apache.mina.filter.logging.LoggingFilter - SENT: HeapBuffer[pos=0 lim=0 cap=0: empty]
2014-05-29 16:13:52.327 [Thread-6] INFO  org.apache.mina.filter.logging.LoggingFilter - SENT: HeapBuffer[pos=0 lim=0 cap=0: empty]
2014-05-29 16:13:53.327 [Thread-6] INFO  org.apache.mina.filter.logging.LoggingFilter - SENT: HeapBuffer[pos=0 lim=0 cap=0: empty]
2014-05-29 16:13:54.327 [Thread-6] INFO  org.apache.mina.filter.logging.LoggingFilter - SENT: HeapBuffer[pos=0 lim=0 cap=0: empty]
2014-05-29 16:13:55.327 [Thread-6] INFO  org.apache.mina.filter.logging.LoggingFilter - SENT: HeapBuffer[pos=0 lim=0 cap=0: empty]
2014-05-29 16:13:56.327 [Thread-6] INFO  org.apache.mina.filter.logging.LoggingFilter - SENT: HeapBuffer[pos=0 lim=0 cap=0: empty]
2014-05-29 16:13:57.327 [Thread-6] INFO  org.apache.mina.filter.logging.LoggingFilter - SENT: HeapBuffer[pos=0 lim=0 cap=0: empty]
2014-05-29 16:13:58.327 [Thread-6] INFO  org.apache.mina.filter.logging.LoggingFilter - SENT: HeapBuffer[pos=0 lim=0 cap=0: empty]
2014-05-29 16:13:59.327 [Thread-6] INFO  org.apache.mina.filter.logging.LoggingFilter - SENT: HeapBuffer[pos=0 lim=0 cap=0: empty]
2014-05-29 16:14:00.327 [Thread-6] INFO  org.apache.mina.filter.logging.LoggingFilter - SENT: HeapBuffer[pos=0 lim=0 cap=0: empty]
2014-05-29 16:14:01.327 [Thread-6] INFO  org.apache.mina.filter.logging.LoggingFilter - SENT: HeapBuffer[pos=0 lim=0 cap=0: empty]
2014-05-29 16:14:02.327 [Thread-6] INFO  org.apache.mina.filter.logging.LoggingFilter - SENT: HeapBuffer[pos=0 lim=0 cap=0: empty]
2014-05-29 16:14:03.327 [Thread-6] INFO  org.apache.mina.filter.logging.LoggingFilter - SENT: HeapBuffer[pos=0 lim=0 cap=0: empty]
2014-05-29 16:14:04.328 [Thread-6] INFO  org.apache.mina.filter.logging.LoggingFilter - SENT: HeapBuffer[pos=0 lim=0 cap=0: empty]
2014-05-29 16:14:04.971 [Thread-5] INFO  org.apache.mina.filter.logging.LoggingFilter - RECEIVED: HeapBuffer[pos=0 lim=6 cap=6: 00 FF FF FF 00 56]
2014-05-29 16:14:05.327 [Thread-6] INFO  org.apache.mina.filter.logging.LoggingFilter - SENT: HeapBuffer[pos=0 lim=0 cap=0: empty]
2014-05-29 16:14:06.327 [Thread-6] INFO  org.apache.mina.filter.logging.LoggingFilter - SENT: HeapBuffer[pos=0 lim=0 cap=0: empty]
2014-05-29 16:14:07.328 [Thread-6] INFO  org.apache.mina.filter.logging.LoggingFilter - SENT: HeapBuffer[pos=0 lim=0 cap=0: empty]
2014-05-29 16:14:08.327 [Thread-6] INFO  org.apache.mina.filter.logging.LoggingFilter - SENT: HeapBuffer[pos=0 lim=0 cap=0: empty]
2014-05-29 16:14:09.327 [Thread-6] INFO  org.apache.mina.filter.logging.LoggingFilter - SENT: HeapBuffer[pos=0 lim=0 cap=0: empty]
2014-05-29 16:14:10.327 [Thread-6] INFO  org.apache.mina.filter.logging.LoggingFilter - SENT: HeapBuffer[pos=0 lim=0 cap=0: empty]
2014-05-29 16:14:11.327 [Thread-6] INFO  org.apache.mina.filter.logging.LoggingFilter - SENT: HeapBuffer[pos=0 lim=0 cap=0: empty]
2014-05-29 16:14:12.327 [Thread-6] INFO  org.apache.mina.filter.logging.LoggingFilter - SENT: HeapBuffer[pos=0 lim=0 cap=0: empty]
2014-05-29 16:14:13.327 [Thread-6] INFO  org.apache.mina.filter.logging.LoggingFilter - SENT: HeapBuffer[pos=0 lim=0 cap=0: empty]
2014-05-29 16:14:14.327 [Thread-6] INFO  org.apache.mina.filter.logging.LoggingFilter - SENT: HeapBuffer[pos=0 lim=0 cap=0: empty]
2014-05-29 16:14:15.327 [Thread-6] INFO  org.apache.mina.filter.logging.LoggingFilter - SENT: HeapBuffer[pos=0 lim=0 cap=0: empty]
2014-05-29 16:14:16.327 [Thread-6] INFO  org.apache.mina.filter.logging.LoggingFilter - SENT: HeapBuffer[pos=0 lim=0 cap=0: empty]
2014-05-29 16:14:17.327 [Thread-6] INFO  org.apache.mina.filter.logging.LoggingFilter - SENT: HeapBuffer[pos=0 lim=0 cap=0: empty]
2014-05-29 16:14:18.327 [Thread-6] INFO  org.apache.mina.filter.logging.LoggingFilter - SENT: HeapBuffer[pos=0 lim=0 cap=0: empty]
2014-05-29 16:14:19.327 [Thread-6] INFO  org.apache.mina.filter.logging.LoggingFilter - SENT: HeapBuffer[pos=0 lim=0 cap=0: empty]
2014-05-29 16:14:20.327 [Thread-6] INFO  org.apache.mina.filter.logging.LoggingFilter - SENT: HeapBuffer[pos=0 lim=0 cap=0: empty]
2014-05-29 16:14:21.327 [Thread-6] INFO  org.apache.mina.filter.logging.LoggingFilter - SENT: HeapBuffer[pos=0 lim=0 cap=0: empty]
2014-05-29 16:14:22.327 [Thread-6] INFO  org.apache.mina.filter.logging.LoggingFilter - SENT: HeapBuffer[pos=0 lim=0 cap=0: empty]
2014-05-29 16:14:23.327 [Thread-6] INFO  org.apache.mina.filter.logging.LoggingFilter - SENT: HeapBuffer[pos=0 lim=0 cap=0: empty]
2014-05-29 16:14:24.328 [Thread-6] INFO  org.apache.mina.filter.logging.LoggingFilter - SENT: HeapBuffer[pos=0 lim=0 cap=0: empty]
2014-05-29 16:14:25.327 [Thread-6] INFO  org.apache.mina.filter.logging.LoggingFilter - SENT: HeapBuffer[pos=0 lim=0 cap=0: empty]
2014-05-29 16:14:26.327 [Thread-6] INFO  org.apache.mina.filter.logging.LoggingFilter - SENT: HeapBuffer[pos=0 lim=0 cap=0: empty]
2014-05-29 16:14:27.327 [Thread-6] INFO  org.apache.mina.filter.logging.LoggingFilter - SENT: HeapBuffer[pos=0 lim=0 cap=0: empty]
2014-05-29 16:14:28.327 [Thread-6] INFO  org.apache.mina.filter.logging.LoggingFilter - SENT: HeapBuffer[pos=0 lim=0 cap=0: empty]
2014-05-29 16:16:18.492 [AWT-EventQueue-0] INFO  org.apache.mina.filter.logging.LoggingFilter - CREATED
2014-05-29 16:16:18.496 [AWT-EventQueue-0] INFO  org.apache.mina.filter.logging.LoggingFilter - OPENED
2014-05-29 16:16:18.514 [Thread-6] INFO  org.apache.mina.filter.logging.LoggingFilter - SENT: HeapBuffer[pos=0 lim=0 cap=0: empty]
2014-05-29 16:16:19.497 [Thread-6] INFO  org.apache.mina.filter.logging.LoggingFilter - SENT: HeapBuffer[pos=0 lim=0 cap=0: empty]
2014-05-29 16:16:20.497 [Thread-6] INFO  org.apache.mina.filter.logging.LoggingFilter - SENT: HeapBuffer[pos=0 lim=0 cap=0: empty]
2014-05-29 16:16:21.497 [Thread-6] INFO  org.apache.mina.filter.logging.LoggingFilter - SENT: HeapBuffer[pos=0 lim=0 cap=0: empty]
2014-05-29 16:16:22.497 [Thread-6] INFO  org.apache.mina.filter.logging.LoggingFilter - SENT: HeapBuffer[pos=0 lim=0 cap=0: empty]
2014-05-29 16:16:23.497 [Thread-6] INFO  org.apache.mina.filter.logging.LoggingFilter - SENT: HeapBuffer[pos=0 lim=0 cap=0: empty]
2014-05-29 16:16:24.497 [Thread-6] INFO  org.apache.mina.filter.logging.LoggingFilter - SENT: HeapBuffer[pos=0 lim=0 cap=0: empty]
2014-05-29 16:16:25.497 [Thread-6] INFO  org.apache.mina.filter.logging.LoggingFilter - SENT: HeapBuffer[pos=0 lim=0 cap=0: empty]
2014-05-29 16:16:26.498 [Thread-6] INFO  org.apache.mina.filter.logging.LoggingFilter - SENT: HeapBuffer[pos=0 lim=0 cap=0: empty]
2014-05-29 16:16:27.497 [Thread-6] INFO  org.apache.mina.filter.logging.LoggingFilter - SENT: HeapBuffer[pos=0 lim=0 cap=0: empty]
2014-05-29 16:16:28.497 [Thread-6] INFO  org.apache.mina.filter.logging.LoggingFilter - SENT: HeapBuffer[pos=0 lim=0 cap=0: empty]
2014-05-29 16:16:29.497 [Thread-6] INFO  org.apache.mina.filter.logging.LoggingFilter - SENT: HeapBuffer[pos=0 lim=0 cap=0: empty]
2014-05-29 16:16:30.497 [Thread-6] INFO  org.apache.mina.filter.logging.LoggingFilter - SENT: HeapBuffer[pos=0 lim=0 cap=0: empty]
2014-05-29 16:16:30.766 [Thread-5] INFO  org.apache.mina.filter.logging.LoggingFilter - RECEIVED: HeapBuffer[pos=0 lim=6 cap=6: 00 FF FF FF 00 56]
2014-05-29 16:16:31.498 [Thread-6] INFO  org.apache.mina.filter.logging.LoggingFilter - SENT: HeapBuffer[pos=0 lim=0 cap=0: empty]
2014-05-29 16:16:32.497 [Thread-6] INFO  org.apache.mina.filter.logging.LoggingFilter - SENT: HeapBuffer[pos=0 lim=0 cap=0: empty]
2014-05-29 16:16:33.497 [Thread-6] INFO  org.apache.mina.filter.logging.LoggingFilter - SENT: HeapBuffer[pos=0 lim=0 cap=0: empty]
2014-05-29 16:16:34.497 [Thread-6] INFO  org.apache.mina.filter.logging.LoggingFilter - SENT: HeapBuffer[pos=0 lim=0 cap=0: empty]
2014-05-29 16:16:35.497 [Thread-6] INFO  org.apache.mina.filter.logging.LoggingFilter - SENT: HeapBuffer[pos=0 lim=0 cap=0: empty]
2014-05-29 16:16:36.497 [Thread-6] INFO  org.apache.mina.filter.logging.LoggingFilter - SENT: HeapBuffer[pos=0 lim=0 cap=0: empty]
2014-05-29 16:16:37.497 [Thread-6] INFO  org.apache.mina.filter.logging.LoggingFilter - SENT: HeapBuffer[pos=0 lim=0 cap=0: empty]
2014-05-29 16:16:38.497 [Thread-6] INFO  org.apache.mina.filter.logging.LoggingFilter - SENT: HeapBuffer[pos=0 lim=0 cap=0: empty]
2014-05-29 16:16:39.497 [Thread-6] INFO  org.apache.mina.filter.logging.LoggingFilter - SENT: HeapBuffer[pos=0 lim=0 cap=0: empty]
2014-05-29 16:16:40.497 [Thread-6] INFO  org.apache.mina.filter.logging.LoggingFilter - SENT: HeapBuffer[pos=0 lim=0 cap=0: empty]
2014-05-29 16:16:41.497 [Thread-6] INFO  org.apache.mina.filter.logging.LoggingFilter - SENT: HeapBuffer[pos=0 lim=0 cap=0: empty]
2014-05-29 16:16:42.497 [Thread-6] INFO  org.apache.mina.filter.logging.LoggingFilter - SENT: HeapBuffer[pos=0 lim=0 cap=0: empty]
2014-05-29 16:16:43.497 [Thread-6] INFO  org.apache.mina.filter.logging.LoggingFilter - SENT: HeapBuffer[pos=0 lim=0 cap=0: empty]
2014-05-29 16:16:44.498 [Thread-6] INFO  org.apache.mina.filter.logging.LoggingFilter - SENT: HeapBuffer[pos=0 lim=0 cap=0: empty]
2014-05-29 16:16:45.497 [Thread-6] INFO  org.apache.mina.filter.logging.LoggingFilter - SENT: HeapBuffer[pos=0 lim=0 cap=0: empty]
2014-05-29 16:16:46.497 [Thread-6] INFO  org.apache.mina.filter.logging.LoggingFilter - SENT: HeapBuffer[pos=0 lim=0 cap=0: empty]
2014-05-29 16:16:47.497 [Thread-6] INFO  org.apache.mina.filter.logging.LoggingFilter - SENT: HeapBuffer[pos=0 lim=0 cap=0: empty]
2014-05-29 16:16:48.497 [Thread-6] INFO  org.apache.mina.filter.logging.LoggingFilter - SENT: HeapBuffer[pos=0 lim=0 cap=0: empty]
2014-05-29 16:16:49.497 [Thread-6] INFO  org.apache.mina.filter.logging.LoggingFilter - SENT: HeapBuffer[pos=0 lim=0 cap=0: empty]
2014-05-29 16:16:50.497 [Thread-6] INFO  org.apache.mina.filter.logging.LoggingFilter - SENT: HeapBuffer[pos=0 lim=0 cap=0: empty]
2014-05-29 16:16:51.497 [Thread-6] INFO  org.apache.mina.filter.logging.LoggingFilter - SENT: HeapBuffer[pos=0 lim=0 cap=0: empty]
2014-05-29 16:16:52.497 [Thread-6] INFO  org.apache.mina.filter.logging.LoggingFilter - SENT: HeapBuffer[pos=0 lim=0 cap=0: empty]
2014-05-29 16:16:53.497 [Thread-6] INFO  org.apache.mina.filter.logging.LoggingFilter - SENT: HeapBuffer[pos=0 lim=0 cap=0: empty]
2014-05-29 16:16:54.497 [Thread-6] INFO  org.apache.mina.filter.logging.LoggingFilter - SENT: HeapBuffer[pos=0 lim=0 cap=0: empty]
2014-05-29 16:16:55.498 [Thread-6] INFO  org.apache.mina.filter.logging.LoggingFilter - SENT: HeapBuffer[pos=0 lim=0 cap=0: empty]
2014-05-29 16:16:56.497 [Thread-6] INFO  org.apache.mina.filter.logging.LoggingFilter - SENT: HeapBuffer[pos=0 lim=0 cap=0: empty]
2014-05-29 16:16:57.497 [Thread-6] INFO  org.apache.mina.filter.logging.LoggingFilter - SENT: HeapBuffer[pos=0 lim=0 cap=0: empty]
2014-05-29 16:16:58.497 [Thread-6] INFO  org.apache.mina.filter.logging.LoggingFilter - SENT: HeapBuffer[pos=0 lim=0 cap=0: empty]
2014-05-29 16:16:59.497 [Thread-6] INFO  org.apache.mina.filter.logging.LoggingFilter - SENT: HeapBuffer[pos=0 lim=0 cap=0: empty]
2014-05-29 16:17:00.497 [Thread-6] INFO  org.apache.mina.filter.logging.LoggingFilter - SENT: HeapBuffer[pos=0 lim=0 cap=0: empty]
2014-05-29 16:17:01.498 [Thread-6] INFO  org.apache.mina.filter.logging.LoggingFilter - SENT: HeapBuffer[pos=0 lim=0 cap=0: empty]
2014-05-29 16:17:02.497 [Thread-6] INFO  org.apache.mina.filter.logging.LoggingFilter - SENT: HeapBuffer[pos=0 lim=0 cap=0: empty]
2014-05-29 16:17:03.497 [Thread-6] INFO  org.apache.mina.filter.logging.LoggingFilter - SENT: HeapBuffer[pos=0 lim=0 cap=0: empty]
2014-05-29 16:17:04.497 [Thread-6] INFO  org.apache.mina.filter.logging.LoggingFilter - SENT: HeapBuffer[pos=0 lim=0 cap=0: empty]
2014-05-29 16:17:05.497 [Thread-6] INFO  org.apache.mina.filter.logging.LoggingFilter - SENT: HeapBuffer[pos=0 lim=0 cap=0: empty]
2014-05-29 16:17:06.497 [Thread-6] INFO  org.apache.mina.filter.logging.LoggingFilter - SENT: HeapBuffer[pos=0 lim=0 cap=0: empty]
2014-05-29 16:17:07.497 [Thread-6] INFO  org.apache.mina.filter.logging.LoggingFilter - SENT: HeapBuffer[pos=0 lim=0 cap=0: empty]
2014-05-29 16:17:08.497 [Thread-6] INFO  org.apache.mina.filter.logging.LoggingFilter - SENT: HeapBuffer[pos=0 lim=0 cap=0: empty]
2014-05-29 16:17:09.497 [Thread-6] INFO  org.apache.mina.filter.logging.LoggingFilter - SENT: HeapBuffer[pos=0 lim=0 cap=0: empty]
2014-05-29 16:17:10.497 [Thread-6] INFO  org.apache.mina.filter.logging.LoggingFilter - SENT: HeapBuffer[pos=0 lim=0 cap=0: empty]
2014-05-29 16:17:10.553 [AWT-EventQueue-0] INFO  org.apache.mina.filter.logging.LoggingFilter - CLOSED
2014-05-29 16:34:36.861 [Thread-5] WARN  org.apache.mina.core.service.IoHandlerAdapter - EXCEPTION, please implement net.liuxuan.device.OX2SDU.handler.OX2SDUHandler.exceptionCaught() for proper handling:
org.apache.mina.filter.codec.ProtocolDecoderException: java.lang.UnsupportedOperationException: Not supported yet. (Hexdump: 00 FF FF FF 00 CC)
	at org.apache.mina.filter.codec.ProtocolCodecFilter.messageReceived(ProtocolCodecFilter.java:242) ~[mina-core-2.0.7.jar:na]
	at org.apache.mina.core.filterchain.DefaultIoFilterChain.callNextMessageReceived(DefaultIoFilterChain.java:417) [mina-core-2.0.7.jar:na]
	at org.apache.mina.core.filterchain.DefaultIoFilterChain.access$1200(DefaultIoFilterChain.java:47) [mina-core-2.0.7.jar:na]
	at org.apache.mina.core.filterchain.DefaultIoFilterChain$EntryImpl$1.messageReceived(DefaultIoFilterChain.java:765) [mina-core-2.0.7.jar:na]
	at org.apache.mina.core.filterchain.IoFilterAdapter.messageReceived(IoFilterAdapter.java:109) [mina-core-2.0.7.jar:na]
	at org.apache.mina.core.filterchain.DefaultIoFilterChain.callNextMessageReceived(DefaultIoFilterChain.java:417) [mina-core-2.0.7.jar:na]
	at org.apache.mina.core.filterchain.DefaultIoFilterChain.fireMessageReceived(DefaultIoFilterChain.java:410) [mina-core-2.0.7.jar:na]
	at org.apache.mina.transport.serial.SerialSessionImpl$ReadWorker.run(SerialSessionImpl.java:232) [mina-transport-serial-2.0.7.jar:na]
Caused by: java.lang.UnsupportedOperationException: Not supported yet.
	at net.liuxuan.device.OX2SDU.codec.OX2SDUMessageDecoder.initSamplePkt(OX2SDUMessageDecoder.java:21) ~[classes/:na]
	at net.liuxuan.device.rs232.BasePacketDecoder.<init>(BasePacketDecoder.java:41) ~[classes/:na]
	at net.liuxuan.device.OX2SDU.codec.OX2SDUMessageDecoder.<init>(OX2SDUMessageDecoder.java:15) ~[classes/:na]
	at sun.reflect.NativeConstructorAccessorImpl.newInstance0(Native Method) ~[na:1.8.0_20-ea]
	at sun.reflect.NativeConstructorAccessorImpl.newInstance(NativeConstructorAccessorImpl.java:62) ~[na:1.8.0_20-ea]
	at sun.reflect.DelegatingConstructorAccessorImpl.newInstance(DelegatingConstructorAccessorImpl.java:45) ~[na:1.8.0_20-ea]
	at java.lang.reflect.Constructor.newInstance(Constructor.java:408) ~[na:1.8.0_20-ea]
	at java.lang.Class.newInstance(Class.java:433) ~[na:1.8.0_20-ea]
	at org.apache.mina.filter.codec.demux.DemuxingProtocolDecoder$DefaultConstructorMessageDecoderFactory.getDecoder(DemuxingProtocolDecoder.java:275) ~[mina-core-2.0.7.jar:na]
	at org.apache.mina.filter.codec.demux.DemuxingProtocolDecoder$State.<init>(DemuxingProtocolDecoder.java:240) ~[mina-core-2.0.7.jar:na]
	at org.apache.mina.filter.codec.demux.DemuxingProtocolDecoder$State.<init>(DemuxingProtocolDecoder.java:231) ~[mina-core-2.0.7.jar:na]
	at org.apache.mina.filter.codec.demux.DemuxingProtocolDecoder.getState(DemuxingProtocolDecoder.java:220) ~[mina-core-2.0.7.jar:na]
	at org.apache.mina.filter.codec.demux.DemuxingProtocolDecoder.doDecode(DemuxingProtocolDecoder.java:127) ~[mina-core-2.0.7.jar:na]
	at org.apache.mina.filter.codec.CumulativeProtocolDecoder.decode(CumulativeProtocolDecoder.java:176) ~[mina-core-2.0.7.jar:na]
	at org.apache.mina.filter.codec.ProtocolCodecFilter.messageReceived(ProtocolCodecFilter.java:232) ~[mina-core-2.0.7.jar:na]
	... 7 common frames omitted
