2014-10-23 13:04:23.826 [AWT-EventQueue-0] ERROR net.liuxuan.device.w3330.JIF_ExportDatabase_w3330 - ´ò¿ªURL
java.net.URISyntaxException: Illegal character in opaque part at index 2: F:\MosesData\Desktop\asd.html
	at java.net.URI$Parser.fail(URI.java:2829) ~[na:1.7.0_25]
	at java.net.URI$Parser.checkChars(URI.java:3002) ~[na:1.7.0_25]
	at java.net.URI$Parser.parse(URI.java:3039) ~[na:1.7.0_25]
	at java.net.URI.<init>(URI.java:595) ~[na:1.7.0_25]
	at net.liuxuan.device.w3330.JIF_ExportDatabase_w3330.DoExportHtml(JIF_ExportDatabase_w3330.java:689) [classes/:na]
	at net.liuxuan.device.w3330.JIF_ExportDatabase_w3330.jButton_export_htmlActionPerformed(JIF_ExportDatabase_w3330.java:460) [classes/:na]
	at net.liuxuan.device.w3330.JIF_ExportDatabase_w3330.access$100(JIF_ExportDatabase_w3330.java:56) [classes/:na]
	at net.liuxuan.device.w3330.JIF_ExportDatabase_w3330$2.actionPerformed(JIF_ExportDatabase_w3330.java:115) ~[classes/:na]
	at javax.swing.AbstractButton.fireActionPerformed(AbstractButton.java:2018) ~[na:1.7.0_25]
	at javax.swing.AbstractButton$Handler.actionPerformed(AbstractButton.java:2341) ~[na:1.7.0_25]
	at javax.swing.DefaultButtonModel.fireActionPerformed(DefaultButtonModel.java:402) ~[na:1.7.0_25]
	at javax.swing.DefaultButtonModel.setPressed(DefaultButtonModel.java:259) ~[na:1.7.0_25]
	at javax.swing.plaf.basic.BasicButtonListener.mouseReleased(BasicButtonListener.java:252) ~[na:1.7.0_25]
	at java.awt.Component.processMouseEvent(Component.java:6505) ~[na:1.7.0_25]
	at javax.swing.JComponent.processMouseEvent(JComponent.java:3321) ~[na:1.7.0_25]
	at java.awt.Component.processEvent(Component.java:6270) ~[na:1.7.0_25]
	at java.awt.Container.processEvent(Container.java:2229) ~[na:1.7.0_25]
	at java.awt.Component.dispatchEventImpl(Component.java:4861) ~[na:1.7.0_25]
	at java.awt.Container.dispatchEventImpl(Container.java:2287) ~[na:1.7.0_25]
	at java.awt.Component.dispatchEvent(Component.java:4687) ~[na:1.7.0_25]
	at java.awt.LightweightDispatcher.retargetMouseEvent(Container.java:4832) ~[na:1.7.0_25]
	at java.awt.LightweightDispatcher.processMouseEvent(Container.java:4492) ~[na:1.7.0_25]
	at java.awt.LightweightDispatcher.dispatchEvent(Container.java:4422) ~[na:1.7.0_25]
	at java.awt.Container.dispatchEventImpl(Container.java:2273) ~[na:1.7.0_25]
	at java.awt.Window.dispatchEventImpl(Window.java:2719) ~[na:1.7.0_25]
	at java.awt.Component.dispatchEvent(Component.java:4687) ~[na:1.7.0_25]
	at java.awt.EventQueue.dispatchEventImpl(EventQueue.java:735) ~[na:1.7.0_25]
	at java.awt.EventQueue.access$200(EventQueue.java:103) ~[na:1.7.0_25]
	at java.awt.EventQueue$3.run(EventQueue.java:694) ~[na:1.7.0_25]
	at java.awt.EventQueue$3.run(EventQueue.java:692) ~[na:1.7.0_25]
	at java.security.AccessController.doPrivileged(Native Method) ~[na:1.7.0_25]
	at java.security.ProtectionDomain$1.doIntersectionPrivilege(ProtectionDomain.java:76) ~[na:1.7.0_25]
	at java.security.ProtectionDomain$1.doIntersectionPrivilege(ProtectionDomain.java:87) ~[na:1.7.0_25]
	at java.awt.EventQueue$4.run(EventQueue.java:708) ~[na:1.7.0_25]
	at java.awt.EventQueue$4.run(EventQueue.java:706) ~[na:1.7.0_25]
	at java.security.AccessController.doPrivileged(Native Method) ~[na:1.7.0_25]
	at java.security.ProtectionDomain$1.doIntersectionPrivilege(ProtectionDomain.java:76) ~[na:1.7.0_25]
	at java.awt.EventQueue.dispatchEvent(EventQueue.java:705) ~[na:1.7.0_25]
	at java.awt.EventDispatchThread.pumpOneEventForFilters(EventDispatchThread.java:242) ~[na:1.7.0_25]
	at java.awt.EventDispatchThread.pumpEventsForFilter(EventDispatchThread.java:161) ~[na:1.7.0_25]
	at java.awt.EventDispatchThread.pumpEventsForHierarchy(EventDispatchThread.java:150) ~[na:1.7.0_25]
	at java.awt.EventDispatchThread.pumpEvents(EventDispatchThread.java:146) ~[na:1.7.0_25]
	at java.awt.EventDispatchThread.pumpEvents(EventDispatchThread.java:138) ~[na:1.7.0_25]
	at java.awt.EventDispatchThread.run(EventDispatchThread.java:91) ~[na:1.7.0_25]
